=============================
Function: gcd
=============================

BasicBlock: %2

[DEF]   %3 = alloca i32, align 4
   [used in]   %16 = load i32, ptr %3, align 4
   [used in]   store i32 %14, ptr %3, align 4
   [used in]   %11 = load i32, ptr %3, align 4
   [used in]   store i32 %0, ptr %3, align 4

[USE]   [depends on defs:]
      (constant)

[DEF]   %4 = alloca i32, align 4
   [used in]   store i32 %13, ptr %4, align 4
   [used in]   %12 = load i32, ptr %4, align 4
   [used in]   %10 = load i32, ptr %4, align 4
   [used in]   %7 = load i32, ptr %4, align 4
   [used in]   store i32 %1, ptr %4, align 4

[USE]   [depends on defs:]
      (constant)

[DEF]   %5 = alloca i32, align 4
   [used in]   %14 = load i32, ptr %5, align 4
   [used in]   store i32 %10, ptr %5, align 4

[USE]   [depends on defs:]
      (constant)

[DEF]   store i32 %0, ptr %3, align 4
   (no uses)

[USE]   [depends on defs:]
      (function argument) 
        %3 = alloca i32, align 4

[DEF]   store i32 %1, ptr %4, align 4
   (no uses)

[USE]   [depends on defs:]
      (function argument) 
        %4 = alloca i32, align 4

[DEF]   br label %6
   (no uses)

[USE]   [depends on defs:]

BasicBlock: %6

[DEF]   %7 = load i32, ptr %4, align 4
   [used in]   %8 = icmp ne i32 %7, 0

[USE]   [depends on defs:]
        %4 = alloca i32, align 4

[DEF]   %8 = icmp ne i32 %7, 0
   [used in]   br i1 %8, label %9, label %15

[USE]   [depends on defs:]
        %7 = load i32, ptr %4, align 4
      (constant)

[DEF]   br i1 %8, label %9, label %15
   (no uses)

[USE]   [depends on defs:]
        %8 = icmp ne i32 %7, 0

BasicBlock: %9

[DEF]   %10 = load i32, ptr %4, align 4
   [used in]   store i32 %10, ptr %5, align 4

[USE]   [depends on defs:]
        %4 = alloca i32, align 4

[DEF]   store i32 %10, ptr %5, align 4
   (no uses)

[USE]   [depends on defs:]
        %10 = load i32, ptr %4, align 4
        %5 = alloca i32, align 4

[DEF]   %11 = load i32, ptr %3, align 4
   [used in]   %13 = srem i32 %11, %12

[USE]   [depends on defs:]
        %3 = alloca i32, align 4

[DEF]   %12 = load i32, ptr %4, align 4
   [used in]   %13 = srem i32 %11, %12

[USE]   [depends on defs:]
        %4 = alloca i32, align 4

[DEF]   %13 = srem i32 %11, %12
   [used in]   store i32 %13, ptr %4, align 4

[USE]   [depends on defs:]
        %11 = load i32, ptr %3, align 4
        %12 = load i32, ptr %4, align 4

[DEF]   store i32 %13, ptr %4, align 4
   (no uses)

[USE]   [depends on defs:]
        %13 = srem i32 %11, %12
        %4 = alloca i32, align 4

[DEF]   %14 = load i32, ptr %5, align 4
   [used in]   store i32 %14, ptr %3, align 4

[USE]   [depends on defs:]
        %5 = alloca i32, align 4

[DEF]   store i32 %14, ptr %3, align 4
   (no uses)

[USE]   [depends on defs:]
        %14 = load i32, ptr %5, align 4
        %3 = alloca i32, align 4

[DEF]   br label %6, !llvm.loop !6
   (no uses)

[USE]   [depends on defs:]

BasicBlock: %15

[DEF]   %16 = load i32, ptr %3, align 4
   [used in]   ret i32 %16

[USE]   [depends on defs:]
        %3 = alloca i32, align 4

[DEF]   ret i32 %16
   (no uses)

[USE]   [depends on defs:]
        %16 = load i32, ptr %3, align 4

